build/app/intermediates/manifest_merge_blame_file/debug/manifest-merger-blame-debug-report.txt
1<?xml version="1.0" encoding="utf-8"?>
2<manifest xmlns:android="http://schemas.android.com/apk/res/android"
3    package="com.example.pharmacy"
4    android:versionCode="1"
5    android:versionName="1.0.0" >
6
7    <uses-sdk
8        android:minSdkVersion="21"
9        android:targetSdkVersion="28" />
10    <!--
11         Flutter needs it to communicate with the running application
12         to allow setting breakpoints, to provide hot reload, etc.
13    -->
14    <uses-permission android:name="android.permission.INTERNET" />
14-->src\debug\AndroidManifest.xml:6:5-66
14-->src\debug\AndroidManifest.xml:6:22-64
15    <uses-permission android:name="android.permission.ACCESS_COARSE_LOCATION" />
15-->[:location] AndroidManifest.xml:7:5-81
15-->[:location] AndroidManifest.xml:7:22-78
16    <uses-permission android:name="android.permission.ACCESS_FINE_LOCATION" /> <!-- Include required permissions for Google Maps API to run. -->
16-->[:location] AndroidManifest.xml:8:5-79
16-->[:location] AndroidManifest.xml:8:22-76
17    <uses-permission android:name="android.permission.ACCESS_NETWORK_STATE" />
17-->[com.google.android.gms:play-services-maps:17.0.0] AndroidManifest.xml:23:5-79
17-->[com.google.android.gms:play-services-maps:17.0.0] AndroidManifest.xml:23:22-76
18
19    <uses-feature
19-->[com.google.android.gms:play-services-maps:17.0.0] AndroidManifest.xml:26:5-28:35
20        android:glEsVersion="0x00020000"
20-->[com.google.android.gms:play-services-maps:17.0.0] AndroidManifest.xml:27:9-41
21        android:required="true" />
21-->[com.google.android.gms:play-services-maps:17.0.0] AndroidManifest.xml:28:9-32
22
23    <uses-permission android:name="android.permission.WAKE_LOCK" /> <!-- Required by older versions of Google Play services to create IID tokens -->
23-->[com.google.firebase:firebase-iid:20.0.1] AndroidManifest.xml:24:5-68
23-->[com.google.firebase:firebase-iid:20.0.1] AndroidManifest.xml:24:22-65
24    <uses-permission android:name="com.google.android.c2dm.permission.RECEIVE" />
24-->[com.google.firebase:firebase-iid:20.0.1] AndroidManifest.xml:26:5-82
24-->[com.google.firebase:firebase-iid:20.0.1] AndroidManifest.xml:26:22-79
25    <!--
26 io.flutter.app.FlutterApplication is an android.app.Application that
27         calls FlutterMain.startInitialization(this); in its onCreate method.
28         In most cases you can leave this as-is, but you if you want to provide
29         additional functionality it is fine to subclass or reimplement
30         FlutterApplication and put your custom class here.
31    -->
32    <application
32-->src\main\AndroidManifest.xml:8:5-49:19
33        android:name="io.flutter.app.FlutterApplication"
33-->src\main\AndroidManifest.xml:9:9-57
34        android:appComponentFactory="androidx.core.app.CoreComponentFactory"
34-->[androidx.core:core:1.1.0] AndroidManifest.xml:24:18-86
35        android:debuggable="true"
36        android:icon="@mipmap/ic_launcher"
36-->src\main\AndroidManifest.xml:11:9-43
37        android:label="pharmacy" >
37-->src\main\AndroidManifest.xml:10:9-33
38        <meta-data
38-->src\main\AndroidManifest.xml:13:9-14:73
39            android:name="com.google.android.geo.API_KEY"
39-->src\main\AndroidManifest.xml:13:20-65
40            android:value="AIzaSyCUiVR99K3XydJSK391l3paxkMH4RHxQJ8" />
40-->src\main\AndroidManifest.xml:14:16-71
41
42        <activity
42-->src\main\AndroidManifest.xml:15:9-43:20
43            android:name="com.example.pharmacy.MainActivity"
43-->src\main\AndroidManifest.xml:16:13-41
44            android:configChanges="orientation|keyboardHidden|keyboard|screenSize|smallestScreenSize|locale|layoutDirection|fontScale|screenLayout|density|uiMode"
44-->src\main\AndroidManifest.xml:19:13-163
45            android:hardwareAccelerated="true"
45-->src\main\AndroidManifest.xml:20:13-47
46            android:launchMode="singleTop"
46-->src\main\AndroidManifest.xml:17:13-43
47            android:theme="@style/LaunchTheme"
47-->src\main\AndroidManifest.xml:18:13-47
48            android:windowSoftInputMode="adjustResize" >
48-->src\main\AndroidManifest.xml:21:13-55
49
50            <!--
51                 Specifies an Android theme to apply to this Activity as soon as
52                 the Android process has started. This theme is visible to the user
53                 while the Flutter UI initializes. After that, this theme continues
54                 to determine the Window background behind the Flutter UI.
55            -->
56            <meta-data
56-->src\main\AndroidManifest.xml:26:13-29:17
57                android:name="io.flutter.embedding.android.NormalTheme"
57-->src\main\AndroidManifest.xml:27:15-70
58                android:resource="@style/NormalTheme" />
58-->src\main\AndroidManifest.xml:28:15-52
59            <!--
60                 Displays an Android View that continues showing the launch screen
61                 Drawable until Flutter paints its first frame, then this splash
62                 screen fades out. A splash screen is useful to avoid any visual
63                 gap between the end of Android's launch screen and the painting of
64                 Flutter's first frame.
65            -->
66            <meta-data
66-->src\main\AndroidManifest.xml:35:13-38:17
67                android:name="io.flutter.embedding.android.SplashScreenDrawable"
67-->src\main\AndroidManifest.xml:36:15-79
68                android:resource="@drawable/launch_background" />
68-->src\main\AndroidManifest.xml:37:15-61
69
70            <intent-filter>
70-->src\main\AndroidManifest.xml:39:13-42:29
71                <action android:name="android.intent.action.MAIN" />
71-->src\main\AndroidManifest.xml:40:17-68
71-->src\main\AndroidManifest.xml:40:25-66
72
73                <category android:name="android.intent.category.LAUNCHER" />
73-->src\main\AndroidManifest.xml:41:17-76
73-->src\main\AndroidManifest.xml:41:27-74
74            </intent-filter>
75        </activity>
76        <!--
77             Don't delete the meta-data below.
78             This is used by the Flutter tool to generate GeneratedPluginRegistrant.java
79        -->
80        <meta-data
80-->src\main\AndroidManifest.xml:46:9-48:33
81            android:name="flutterEmbedding"
81-->src\main\AndroidManifest.xml:47:13-44
82            android:value="2" />
82-->src\main\AndroidManifest.xml:48:13-30
83
84        <service
84-->[:firebase_auth] AndroidManifest.xml:8:9-12:19
85            android:name="com.google.firebase.components.ComponentDiscoveryService"
85-->[:firebase_auth] AndroidManifest.xml:8:18-89
86            android:directBootAware="true"
86-->[com.google.firebase:firebase-common:19.3.0] AndroidManifest.xml:34:13-43
87            android:exported="false" >
87-->[com.google.firebase:firebase-firestore:21.3.0] AndroidManifest.xml:19:13-37
88            <meta-data
88-->[:firebase_auth] AndroidManifest.xml:9:13-11:85
89                android:name="com.google.firebase.components:io.flutter.plugins.firebaseauth.FlutterFirebaseAppRegistrar"
89-->[:firebase_auth] AndroidManifest.xml:10:17-122
90                android:value="com.google.firebase.components.ComponentRegistrar" />
90-->[:firebase_auth] AndroidManifest.xml:11:17-82
91            <meta-data
91-->[:cloud_firestore] AndroidManifest.xml:9:13-11:85
92                android:name="com.google.firebase.components:io.flutter.plugins.firebase.cloudfirestore.FlutterFirebaseAppRegistrar"
92-->[:cloud_firestore] AndroidManifest.xml:10:17-133
93                android:value="com.google.firebase.components.ComponentRegistrar" />
93-->[:cloud_firestore] AndroidManifest.xml:11:17-82
94            <meta-data
94-->[:firebase_core] AndroidManifest.xml:9:13-11:85
95                android:name="com.google.firebase.components:io.flutter.plugins.firebase.core.FlutterFirebaseAppRegistrar"
95-->[:firebase_core] AndroidManifest.xml:10:17-123
96                android:value="com.google.firebase.components.ComponentRegistrar" />
96-->[:firebase_core] AndroidManifest.xml:11:17-82
97            <meta-data
97-->[:firebase_messaging] AndroidManifest.xml:14:13-16:85
98                android:name="com.google.firebase.components:io.flutter.plugins.firebasemessaging.FlutterFirebaseAppRegistrar"
98-->[:firebase_messaging] AndroidManifest.xml:15:17-127
99                android:value="com.google.firebase.components.ComponentRegistrar" />
99-->[:firebase_messaging] AndroidManifest.xml:16:17-82
100            <meta-data
100-->[com.google.firebase:firebase-firestore:21.3.0] AndroidManifest.xml:20:13-22:85
101                android:name="com.google.firebase.components:com.google.firebase.firestore.FirestoreRegistrar"
101-->[com.google.firebase:firebase-firestore:21.3.0] AndroidManifest.xml:21:17-111
102                android:value="com.google.firebase.components.ComponentRegistrar" />
102-->[com.google.firebase:firebase-firestore:21.3.0] AndroidManifest.xml:22:17-82
103            <meta-data
103-->[com.google.firebase:firebase-auth:19.2.0] AndroidManifest.xml:36:13-38:85
104                android:name="com.google.firebase.components:com.google.firebase.auth.FirebaseAuthRegistrar"
104-->[com.google.firebase:firebase-auth:19.2.0] AndroidManifest.xml:37:17-109
105                android:value="com.google.firebase.components.ComponentRegistrar" />
105-->[com.google.firebase:firebase-auth:19.2.0] AndroidManifest.xml:38:17-82
106            <meta-data
106-->[com.google.firebase:firebase-iid:20.0.1] AndroidManifest.xml:32:13-34:85
107                android:name="com.google.firebase.components:com.google.firebase.iid.Registrar"
107-->[com.google.firebase:firebase-iid:20.0.1] AndroidManifest.xml:33:17-96
108                android:value="com.google.firebase.components.ComponentRegistrar" />
108-->[com.google.firebase:firebase-iid:20.0.1] AndroidManifest.xml:34:17-82
109        </service>
110        <service android:name="io.flutter.plugins.firebasemessaging.FlutterFirebaseMessagingService" >
110-->[:firebase_messaging] AndroidManifest.xml:8:9-12:19
110-->[:firebase_messaging] AndroidManifest.xml:8:18-101
111            <intent-filter>
111-->[:firebase_messaging] AndroidManifest.xml:9:13-11:29
112                <action android:name="com.google.firebase.MESSAGING_EVENT" />
112-->[:firebase_messaging] AndroidManifest.xml:10:17-78
112-->[:firebase_messaging] AndroidManifest.xml:10:25-75
113            </intent-filter>
114        </service>
115
116        <activity
116-->[com.google.android.gms:play-services-auth:18.0.0] AndroidManifest.xml:23:9-27:75
117            android:name="com.google.android.gms.auth.api.signin.internal.SignInHubActivity"
117-->[com.google.android.gms:play-services-auth:18.0.0] AndroidManifest.xml:24:13-93
118            android:excludeFromRecents="true"
118-->[com.google.android.gms:play-services-auth:18.0.0] AndroidManifest.xml:25:13-46
119            android:exported="false"
119-->[com.google.android.gms:play-services-auth:18.0.0] AndroidManifest.xml:26:13-37
120            android:theme="@android:style/Theme.Translucent.NoTitleBar" />
120-->[com.google.android.gms:play-services-auth:18.0.0] AndroidManifest.xml:27:13-72
121        <!--
122            Service handling Google Sign-In user revocation. For apps that do not integrate with
123            Google Sign-In, this service will never be started.
124        -->
125        <service
125-->[com.google.android.gms:play-services-auth:18.0.0] AndroidManifest.xml:33:9-36:110
126            android:name="com.google.android.gms.auth.api.signin.RevocationBoundService"
126-->[com.google.android.gms:play-services-auth:18.0.0] AndroidManifest.xml:34:13-89
127            android:exported="true"
127-->[com.google.android.gms:play-services-auth:18.0.0] AndroidManifest.xml:35:13-36
128            android:permission="com.google.android.gms.auth.api.signin.permission.REVOCATION_NOTIFICATION" /> <!-- Needs to be explicitly declared on P+ -->
128-->[com.google.android.gms:play-services-auth:18.0.0] AndroidManifest.xml:36:13-107
129        <uses-library
129-->[com.google.android.gms:play-services-maps:17.0.0] AndroidManifest.xml:33:9-35:40
130            android:name="org.apache.http.legacy"
130-->[com.google.android.gms:play-services-maps:17.0.0] AndroidManifest.xml:34:13-50
131            android:required="false" />
131-->[com.google.android.gms:play-services-maps:17.0.0] AndroidManifest.xml:35:13-37
132
133        <activity
133-->[com.google.firebase:firebase-auth:19.2.0] AndroidManifest.xml:24:9-31:50
134            android:name="com.google.firebase.auth.internal.FederatedSignInActivity"
134-->[com.google.firebase:firebase-auth:19.2.0] AndroidManifest.xml:25:13-85
135            android:excludeFromRecents="true"
135-->[com.google.firebase:firebase-auth:19.2.0] AndroidManifest.xml:26:13-46
136            android:exported="true"
136-->[com.google.firebase:firebase-auth:19.2.0] AndroidManifest.xml:27:13-36
137            android:launchMode="singleTask"
137-->[com.google.firebase:firebase-auth:19.2.0] AndroidManifest.xml:28:13-44
138            android:permission="com.google.firebase.auth.api.gms.permission.LAUNCH_FEDERATED_SIGN_IN"
138-->[com.google.firebase:firebase-auth:19.2.0] AndroidManifest.xml:29:13-102
139            android:theme="@android:style/Theme.Translucent.NoTitleBar" />
139-->[com.google.firebase:firebase-auth:19.2.0] AndroidManifest.xml:30:13-72
140        <!--
141             FirebaseMessagingService performs security checks at runtime,
142             but set to not exported to explicitly avoid allowing another app to call it.
143        -->
144        <service
144-->[com.google.firebase:firebase-messaging:20.0.1] AndroidManifest.xml:28:9-34:19
145            android:name="com.google.firebase.messaging.FirebaseMessagingService"
145-->[com.google.firebase:firebase-messaging:20.0.1] AndroidManifest.xml:29:13-82
146            android:exported="false" >
146-->[com.google.firebase:firebase-messaging:20.0.1] AndroidManifest.xml:30:13-37
147            <intent-filter android:priority="-500" >
147-->[:firebase_messaging] AndroidManifest.xml:9:13-11:29
148                <action android:name="com.google.firebase.MESSAGING_EVENT" />
148-->[:firebase_messaging] AndroidManifest.xml:10:17-78
148-->[:firebase_messaging] AndroidManifest.xml:10:25-75
149            </intent-filter>
150        </service>
151
152        <receiver
152-->[com.google.firebase:firebase-iid:20.0.1] AndroidManifest.xml:37:9-44:20
153            android:name="com.google.firebase.iid.FirebaseInstanceIdReceiver"
153-->[com.google.firebase:firebase-iid:20.0.1] AndroidManifest.xml:38:13-78
154            android:exported="true"
154-->[com.google.firebase:firebase-iid:20.0.1] AndroidManifest.xml:39:13-36
155            android:permission="com.google.android.c2dm.permission.SEND" >
155-->[com.google.firebase:firebase-iid:20.0.1] AndroidManifest.xml:40:13-73
156            <intent-filter>
156-->[com.google.firebase:firebase-iid:20.0.1] AndroidManifest.xml:41:13-43:29
157                <action android:name="com.google.android.c2dm.intent.RECEIVE" />
157-->[com.google.firebase:firebase-iid:20.0.1] AndroidManifest.xml:42:17-81
157-->[com.google.firebase:firebase-iid:20.0.1] AndroidManifest.xml:42:25-78
158            </intent-filter>
159        </receiver>
160
161        <activity
161-->[com.google.android.gms:play-services-base:17.1.0] AndroidManifest.xml:23:9-26:75
162            android:name="com.google.android.gms.common.api.GoogleApiActivity"
162-->[com.google.android.gms:play-services-base:17.1.0] AndroidManifest.xml:24:13-79
163            android:exported="false"
163-->[com.google.android.gms:play-services-base:17.1.0] AndroidManifest.xml:25:13-37
164            android:theme="@android:style/Theme.Translucent.NoTitleBar" />
164-->[com.google.android.gms:play-services-base:17.1.0] AndroidManifest.xml:26:13-72
165
166        <provider
166-->[com.google.firebase:firebase-common:19.3.0] AndroidManifest.xml:26:9-30:39
167            android:name="com.google.firebase.provider.FirebaseInitProvider"
167-->[com.google.firebase:firebase-common:19.3.0] AndroidManifest.xml:27:13-77
168            android:authorities="com.example.pharmacy.firebaseinitprovider"
168-->[com.google.firebase:firebase-common:19.3.0] AndroidManifest.xml:28:13-72
169            android:exported="false"
169-->[com.google.firebase:firebase-common:19.3.0] AndroidManifest.xml:29:13-37
170            android:initOrder="100" />
170-->[com.google.firebase:firebase-common:19.3.0] AndroidManifest.xml:30:13-36
171
172        <meta-data
172-->[com.google.android.gms:play-services-basement:17.1.1] AndroidManifest.xml:23:9-25:69
173            android:name="com.google.android.gms.version"
173-->[com.google.android.gms:play-services-basement:17.1.1] AndroidManifest.xml:24:13-58
174            android:value="@integer/google_play_services_version" />
174-->[com.google.android.gms:play-services-basement:17.1.1] AndroidManifest.xml:25:13-66
175    </application>
176
177</manifest>